[2023-12-08 02:41:21] local.ERROR: filemtime(): stat failed for C:\xampp\htdocs\GitHub\Christalys-eCommerce-Website\ChrystalisWebsiteProject\.env {"exception":"[object] (ErrorException(code: 0): filemtime(): stat failed for C:\\xampp\\htdocs\\GitHub\\Christalys-eCommerce-Website\\ChrystalisWebsiteProject\\.env at C:\\xampp\\htdocs\\GitHub\\Christalys-eCommerce-Website\\ChrystalisWebsiteProject\\vendor\\laravel\\framework\\src\\Illuminate\\Foundation\\Console\\ServeCommand.php:99)
[stacktrace]
#0 C:\\xampp\\htdocs\\GitHub\\Christalys-eCommerce-Website\\ChrystalisWebsiteProject\\vendor\\laravel\\framework\\src\\Illuminate\\Foundation\\Bootstrap\\HandleExceptions.php(254): Illuminate\\Foundation\\Bootstrap\\HandleExceptions->handleError(2, 'filemtime(): st...', 'C:\\\\xampp\\\\htdocs...', 99)
#1 [internal function]: Illuminate\\Foundation\\Bootstrap\\HandleExceptions->Illuminate\\Foundation\\Bootstrap\\{closure}(2, 'filemtime(): st...', 'C:\\\\xampp\\\\htdocs...', 99)
#2 C:\\xampp\\htdocs\\GitHub\\Christalys-eCommerce-Website\\ChrystalisWebsiteProject\\vendor\\laravel\\framework\\src\\Illuminate\\Foundation\\Console\\ServeCommand.php(99): filemtime('C:\\\\xampp\\\\htdocs...')
#3 C:\\xampp\\htdocs\\GitHub\\Christalys-eCommerce-Website\\ChrystalisWebsiteProject\\vendor\\laravel\\framework\\src\\Illuminate\\Container\\BoundMethod.php(36): Illuminate\\Foundation\\Console\\ServeCommand->handle()
#4 C:\\xampp\\htdocs\\GitHub\\Christalys-eCommerce-Website\\ChrystalisWebsiteProject\\vendor\\laravel\\framework\\src\\Illuminate\\Container\\Util.php(41): Illuminate\\Container\\BoundMethod::Illuminate\\Container\\{closure}()
#5 C:\\xampp\\htdocs\\GitHub\\Christalys-eCommerce-Website\\ChrystalisWebsiteProject\\vendor\\laravel\\framework\\src\\Illuminate\\Container\\BoundMethod.php(93): Illuminate\\Container\\Util::unwrapIfClosure(Object(Closure))
#6 C:\\xampp\\htdocs\\GitHub\\Christalys-eCommerce-Website\\ChrystalisWebsiteProject\\vendor\\laravel\\framework\\src\\Illuminate\\Container\\BoundMethod.php(35): Illuminate\\Container\\BoundMethod::callBoundMethod(Object(Illuminate\\Foundation\\Application), Array, Object(Closure))
#7 C:\\xampp\\htdocs\\GitHub\\Christalys-eCommerce-Website\\ChrystalisWebsiteProject\\vendor\\laravel\\framework\\src\\Illuminate\\Container\\Container.php(662): Illuminate\\Container\\BoundMethod::call(Object(Illuminate\\Foundation\\Application), Array, Array, NULL)
#8 C:\\xampp\\htdocs\\GitHub\\Christalys-eCommerce-Website\\ChrystalisWebsiteProject\\vendor\\laravel\\framework\\src\\Illuminate\\Console\\Command.php(211): Illuminate\\Container\\Container->call(Array)
#9 C:\\xampp\\htdocs\\GitHub\\Christalys-eCommerce-Website\\ChrystalisWebsiteProject\\vendor\\symfony\\console\\Command\\Command.php(326): Illuminate\\Console\\Command->execute(Object(Symfony\\Component\\Console\\Input\\ArgvInput), Object(Illuminate\\Console\\OutputStyle))
#10 C:\\xampp\\htdocs\\GitHub\\Christalys-eCommerce-Website\\ChrystalisWebsiteProject\\vendor\\laravel\\framework\\src\\Illuminate\\Console\\Command.php(180): Symfony\\Component\\Console\\Command\\Command->run(Object(Symfony\\Component\\Console\\Input\\ArgvInput), Object(Illuminate\\Console\\OutputStyle))
#11 C:\\xampp\\htdocs\\GitHub\\Christalys-eCommerce-Website\\ChrystalisWebsiteProject\\vendor\\symfony\\console\\Application.php(1081): Illuminate\\Console\\Command->run(Object(Symfony\\Component\\Console\\Input\\ArgvInput), Object(Symfony\\Component\\Console\\Output\\ConsoleOutput))
#12 C:\\xampp\\htdocs\\GitHub\\Christalys-eCommerce-Website\\ChrystalisWebsiteProject\\vendor\\symfony\\console\\Application.php(320): Symfony\\Component\\Console\\Application->doRunCommand(Object(Illuminate\\Foundation\\Console\\ServeCommand), Object(Symfony\\Component\\Console\\Input\\ArgvInput), Object(Symfony\\Component\\Console\\Output\\ConsoleOutput))
#13 C:\\xampp\\htdocs\\GitHub\\Christalys-eCommerce-Website\\ChrystalisWebsiteProject\\vendor\\symfony\\console\\Application.php(174): Symfony\\Component\\Console\\Application->doRun(Object(Symfony\\Component\\Console\\Input\\ArgvInput), Object(Symfony\\Component\\Console\\Output\\ConsoleOutput))
#14 C:\\xampp\\htdocs\\GitHub\\Christalys-eCommerce-Website\\ChrystalisWebsiteProject\\vendor\\laravel\\framework\\src\\Illuminate\\Foundation\\Console\\Kernel.php(201): Symfony\\Component\\Console\\Application->run(Object(Symfony\\Component\\Console\\Input\\ArgvInput), Object(Symfony\\Component\\Console\\Output\\ConsoleOutput))
#15 C:\\xampp\\htdocs\\GitHub\\Christalys-eCommerce-Website\\ChrystalisWebsiteProject\\artisan(35): Illuminate\\Foundation\\Console\\Kernel->handle(Object(Symfony\\Component\\Console\\Input\\ArgvInput), Object(Symfony\\Component\\Console\\Output\\ConsoleOutput))
#16 {main}
"} 
[2023-12-08 02:41:21] local.ERROR: include(C:\xampp\htdocs\GitHub\Christalys-eCommerce-Website\ChrystalisWebsiteProject\vendor\composer/../filp/whoops/src/Whoops/Handler/Handler.php): Failed to open stream: No such file or directory {"exception":"[object] (ErrorException(code: 0): include(C:\\xampp\\htdocs\\GitHub\\Christalys-eCommerce-Website\\ChrystalisWebsiteProject\\vendor\\composer/../filp/whoops/src/Whoops/Handler/Handler.php): Failed to open stream: No such file or directory at C:\\xampp\\htdocs\\GitHub\\Christalys-eCommerce-Website\\ChrystalisWebsiteProject\\vendor\\composer\\ClassLoader.php:582)
[stacktrace]
#0 C:\\xampp\\htdocs\\GitHub\\Christalys-eCommerce-Website\\ChrystalisWebsiteProject\\vendor\\laravel\\framework\\src\\Illuminate\\Foundation\\Bootstrap\\HandleExceptions.php(254): Illuminate\\Foundation\\Bootstrap\\HandleExceptions->handleError(2, 'include(C:\\\\xamp...', 'C:\\\\xampp\\\\htdocs...', 582)
#1 C:\\xampp\\htdocs\\GitHub\\Christalys-eCommerce-Website\\ChrystalisWebsiteProject\\vendor\\composer\\ClassLoader.php(582): Illuminate\\Foundation\\Bootstrap\\HandleExceptions->Illuminate\\Foundation\\Bootstrap\\{closure}(2, 'include(C:\\\\xamp...', 'C:\\\\xampp\\\\htdocs...', 582)
#2 C:\\xampp\\htdocs\\GitHub\\Christalys-eCommerce-Website\\ChrystalisWebsiteProject\\vendor\\composer\\ClassLoader.php(582): include('C:\\\\xampp\\\\htdocs...')
#3 C:\\xampp\\htdocs\\GitHub\\Christalys-eCommerce-Website\\ChrystalisWebsiteProject\\vendor\\composer\\ClassLoader.php(433): Composer\\Autoload\\{closure}('C:\\\\xampp\\\\htdocs...')
#4 C:\\xampp\\htdocs\\GitHub\\Christalys-eCommerce-Website\\ChrystalisWebsiteProject\\vendor\\nunomaduro\\collision\\src\\Handler.php(15): Composer\\Autoload\\ClassLoader->loadClass('Whoops\\\\Handler\\\\...')
#5 C:\\xampp\\htdocs\\GitHub\\Christalys-eCommerce-Website\\ChrystalisWebsiteProject\\vendor\\composer\\ClassLoader.php(582): include('C:\\\\xampp\\\\htdocs...')
#6 C:\\xampp\\htdocs\\GitHub\\Christalys-eCommerce-Website\\ChrystalisWebsiteProject\\vendor\\composer\\ClassLoader.php(433): Composer\\Autoload\\{closure}('C:\\\\xampp\\\\htdocs...')
#7 C:\\xampp\\htdocs\\GitHub\\Christalys-eCommerce-Website\\ChrystalisWebsiteProject\\vendor\\nunomaduro\\collision\\src\\Adapters\\Laravel\\CollisionServiceProvider.php(55): Composer\\Autoload\\ClassLoader->loadClass('NunoMaduro\\\\Coll...')
#8 C:\\xampp\\htdocs\\GitHub\\Christalys-eCommerce-Website\\ChrystalisWebsiteProject\\vendor\\laravel\\framework\\src\\Illuminate\\Container\\Container.php(908): NunoMaduro\\Collision\\Adapters\\Laravel\\CollisionServiceProvider->NunoMaduro\\Collision\\Adapters\\Laravel\\{closure}(Object(Illuminate\\Foundation\\Application), Array)
#9 C:\\xampp\\htdocs\\GitHub\\Christalys-eCommerce-Website\\ChrystalisWebsiteProject\\vendor\\laravel\\framework\\src\\Illuminate\\Container\\Container.php(795): Illuminate\\Container\\Container->build(Object(Closure))
#10 C:\\xampp\\htdocs\\GitHub\\Christalys-eCommerce-Website\\ChrystalisWebsiteProject\\vendor\\laravel\\framework\\src\\Illuminate\\Foundation\\Application.php(955): Illuminate\\Container\\Container->resolve('NunoMaduro\\\\Coll...', Array, true)
#11 C:\\xampp\\htdocs\\GitHub\\Christalys-eCommerce-Website\\ChrystalisWebsiteProject\\vendor\\laravel\\framework\\src\\Illuminate\\Container\\Container.php(731): Illuminate\\Foundation\\Application->resolve('NunoMaduro\\\\Coll...', Array)
#12 C:\\xampp\\htdocs\\GitHub\\Christalys-eCommerce-Website\\ChrystalisWebsiteProject\\vendor\\laravel\\framework\\src\\Illuminate\\Foundation\\Application.php(940): Illuminate\\Container\\Container->make('NunoMaduro\\\\Coll...', Array)
#13 C:\\xampp\\htdocs\\GitHub\\Christalys-eCommerce-Website\\ChrystalisWebsiteProject\\vendor\\nunomaduro\\collision\\src\\Adapters\\Laravel\\ExceptionHandler.php(66): Illuminate\\Foundation\\Application->make('NunoMaduro\\\\Coll...')
#14 C:\\xampp\\htdocs\\GitHub\\Christalys-eCommerce-Website\\ChrystalisWebsiteProject\\vendor\\laravel\\framework\\src\\Illuminate\\Foundation\\Console\\Kernel.php(535): NunoMaduro\\Collision\\Adapters\\Laravel\\ExceptionHandler->renderForConsole(Object(Symfony\\Component\\Console\\Output\\ConsoleOutput), Object(ErrorException))
#15 C:\\xampp\\htdocs\\GitHub\\Christalys-eCommerce-Website\\ChrystalisWebsiteProject\\vendor\\laravel\\framework\\src\\Illuminate\\Foundation\\Console\\Kernel.php(205): Illuminate\\Foundation\\Console\\Kernel->renderException(Object(Symfony\\Component\\Console\\Output\\ConsoleOutput), Object(ErrorException))
#16 C:\\xampp\\htdocs\\GitHub\\Christalys-eCommerce-Website\\ChrystalisWebsiteProject\\artisan(35): Illuminate\\Foundation\\Console\\Kernel->handle(Object(Symfony\\Component\\Console\\Input\\ArgvInput), Object(Symfony\\Component\\Console\\Output\\ConsoleOutput))
#17 {main}
"} 
[2023-12-08 02:41:21] local.ERROR: Uncaught ErrorException: include(C:\xampp\htdocs\GitHub\Christalys-eCommerce-Website\ChrystalisWebsiteProject\vendor\composer/../filp/whoops/src/Whoops/Handler/Handler.php): Failed to open stream: No such file or directory in C:\xampp\htdocs\GitHub\Christalys-eCommerce-Website\ChrystalisWebsiteProject\vendor\composer\ClassLoader.php:582
Stack trace:
#0 C:\xampp\htdocs\GitHub\Christalys-eCommerce-Website\ChrystalisWebsiteProject\vendor\laravel\framework\src\Illuminate\Foundation\Bootstrap\HandleExceptions.php(254): Illuminate\Foundation\Bootstrap\HandleExceptions->handleError(2, 'include(C:\\xamp...', 'C:\\xampp\\htdocs...', 582)
#1 C:\xampp\htdocs\GitHub\Christalys-eCommerce-Website\ChrystalisWebsiteProject\vendor\composer\ClassLoader.php(582): Illuminate\Foundation\Bootstrap\HandleExceptions->Illuminate\Foundation\Bootstrap\{closure}(2, 'include(C:\\xamp...', 'C:\\xampp\\htdocs...', 582)
#2 C:\xampp\htdocs\GitHub\Christalys-eCommerce-Website\ChrystalisWebsiteProject\vendor\composer\ClassLoader.php(582): include('C:\\xampp\\htdocs...')
#3 C:\xampp\htdocs\GitHub\Christalys-eCommerce-Website\ChrystalisWebsiteProject\vendor\composer\ClassLoader.php(433): Composer\Autoload\{closure}('C:\\xampp\\htdocs...')
#4 C:\xampp\htdocs\GitHub\Christalys-eCommerce-Website\ChrystalisWebsiteProject\vendor\nunomaduro\collision\src\Handler.php(15): Composer\Autoload\ClassLoader->loadClass('Whoops\\Handler\\...')
#5 C:\xampp\htdocs\GitHub\Christalys-eCommerce-Website\ChrystalisWebsiteProject\vendor\composer\ClassLoader.php(582): include('C:\\xampp\\htdocs...')
#6 C:\xampp\htdocs\GitHub\Christalys-eCommerce-Website\ChrystalisWebsiteProject\vendor\composer\ClassLoader.php(433): Composer\Autoload\{closure}('C:\\xampp\\htdocs...')
#7 C:\xampp\htdocs\GitHub\Christalys-eCommerce-Website\ChrystalisWebsiteProject\vendor\nunomaduro\collision\src\Adapters\Laravel\CollisionServiceProvider.php(55): Composer\Autoload\ClassLoader->loadClass('NunoMaduro\\Coll...')
#8 C:\xampp\htdocs\GitHub\Christalys-eCommerce-Website\ChrystalisWebsiteProject\vendor\laravel\framework\src\Illuminate\Container\Container.php(908): NunoMaduro\Collision\Adapters\Laravel\CollisionServiceProvider->NunoMaduro\Collision\Adapters\Laravel\{closure}(Object(Illuminate\Foundation\Application), Array)
#9 C:\xampp\htdocs\GitHub\Christalys-eCommerce-Website\ChrystalisWebsiteProject\vendor\laravel\framework\src\Illuminate\Container\Container.php(795): Illuminate\Container\Container->build(Object(Closure))
#10 C:\xampp\htdocs\GitHub\Christalys-eCommerce-Website\ChrystalisWebsiteProject\vendor\laravel\framework\src\Illuminate\Foundation\Application.php(955): Illuminate\Container\Container->resolve('NunoMaduro\\Coll...', Array, true)
#11 C:\xampp\htdocs\GitHub\Christalys-eCommerce-Website\ChrystalisWebsiteProject\vendor\laravel\framework\src\Illuminate\Container\Container.php(731): Illuminate\Foundation\Application->resolve('NunoMaduro\\Coll...', Array)
#12 C:\xampp\htdocs\GitHub\Christalys-eCommerce-Website\ChrystalisWebsiteProject\vendor\laravel\framework\src\Illuminate\Foundation\Application.php(940): Illuminate\Container\Container->make('NunoMaduro\\Coll...', Array)
#13 C:\xampp\htdocs\GitHub\Christalys-eCommerce-Website\ChrystalisWebsiteProject\vendor\nunomaduro\collision\src\Adapters\Laravel\ExceptionHandler.php(66): Illuminate\Foundation\Application->make('NunoMaduro\\Coll...')
#14 C:\xampp\htdocs\GitHub\Christalys-eCommerce-Website\ChrystalisWebsiteProject\vendor\laravel\framework\src\Illuminate\Foundation\Bootstrap\HandleExceptions.php(206): NunoMaduro\Collision\Adapters\Laravel\ExceptionHandler->renderForConsole(Object(Symfony\Component\Console\Output\ConsoleOutput), Object(ErrorException))
#15 C:\xampp\htdocs\GitHub\Christalys-eCommerce-Website\ChrystalisWebsiteProject\vendor\laravel\framework\src\Illuminate\Foundation\Bootstrap\HandleExceptions.php(188): Illuminate\Foundation\Bootstrap\HandleExceptions->renderForConsole(Object(ErrorException))
#16 C:\xampp\htdocs\GitHub\Christalys-eCommerce-Website\ChrystalisWebsiteProject\vendor\laravel\framework\src\Illuminate\Foundation\Bootstrap\HandleExceptions.php(254): Illuminate\Foundation\Bootstrap\HandleExceptions->handleException(Object(ErrorException))
#17 [internal function]: Illuminate\Foundation\Bootstrap\HandleExceptions->Illuminate\Foundation\Bootstrap\{closure}(Object(ErrorException))
#18 {main}
  thrown {"exception":"[object] (Symfony\\Component\\ErrorHandler\\Error\\FatalError(code: 0): Uncaught ErrorException: include(C:\\xampp\\htdocs\\GitHub\\Christalys-eCommerce-Website\\ChrystalisWebsiteProject\\vendor\\composer/../filp/whoops/src/Whoops/Handler/Handler.php): Failed to open stream: No such file or directory in C:\\xampp\\htdocs\\GitHub\\Christalys-eCommerce-Website\\ChrystalisWebsiteProject\\vendor\\composer\\ClassLoader.php:582
Stack trace:
#0 C:\\xampp\\htdocs\\GitHub\\Christalys-eCommerce-Website\\ChrystalisWebsiteProject\\vendor\\laravel\\framework\\src\\Illuminate\\Foundation\\Bootstrap\\HandleExceptions.php(254): Illuminate\\Foundation\\Bootstrap\\HandleExceptions->handleError(2, 'include(C:\\\\xamp...', 'C:\\\\xampp\\\\htdocs...', 582)
#1 C:\\xampp\\htdocs\\GitHub\\Christalys-eCommerce-Website\\ChrystalisWebsiteProject\\vendor\\composer\\ClassLoader.php(582): Illuminate\\Foundation\\Bootstrap\\HandleExceptions->Illuminate\\Foundation\\Bootstrap\\{closure}(2, 'include(C:\\\\xamp...', 'C:\\\\xampp\\\\htdocs...', 582)
#2 C:\\xampp\\htdocs\\GitHub\\Christalys-eCommerce-Website\\ChrystalisWebsiteProject\\vendor\\composer\\ClassLoader.php(582): include('C:\\\\xampp\\\\htdocs...')
#3 C:\\xampp\\htdocs\\GitHub\\Christalys-eCommerce-Website\\ChrystalisWebsiteProject\\vendor\\composer\\ClassLoader.php(433): Composer\\Autoload\\{closure}('C:\\\\xampp\\\\htdocs...')
#4 C:\\xampp\\htdocs\\GitHub\\Christalys-eCommerce-Website\\ChrystalisWebsiteProject\\vendor\\nunomaduro\\collision\\src\\Handler.php(15): Composer\\Autoload\\ClassLoader->loadClass('Whoops\\\\Handler\\\\...')
#5 C:\\xampp\\htdocs\\GitHub\\Christalys-eCommerce-Website\\ChrystalisWebsiteProject\\vendor\\composer\\ClassLoader.php(582): include('C:\\\\xampp\\\\htdocs...')
#6 C:\\xampp\\htdocs\\GitHub\\Christalys-eCommerce-Website\\ChrystalisWebsiteProject\\vendor\\composer\\ClassLoader.php(433): Composer\\Autoload\\{closure}('C:\\\\xampp\\\\htdocs...')
#7 C:\\xampp\\htdocs\\GitHub\\Christalys-eCommerce-Website\\ChrystalisWebsiteProject\\vendor\\nunomaduro\\collision\\src\\Adapters\\Laravel\\CollisionServiceProvider.php(55): Composer\\Autoload\\ClassLoader->loadClass('NunoMaduro\\\\Coll...')
#8 C:\\xampp\\htdocs\\GitHub\\Christalys-eCommerce-Website\\ChrystalisWebsiteProject\\vendor\\laravel\\framework\\src\\Illuminate\\Container\\Container.php(908): NunoMaduro\\Collision\\Adapters\\Laravel\\CollisionServiceProvider->NunoMaduro\\Collision\\Adapters\\Laravel\\{closure}(Object(Illuminate\\Foundation\\Application), Array)
#9 C:\\xampp\\htdocs\\GitHub\\Christalys-eCommerce-Website\\ChrystalisWebsiteProject\\vendor\\laravel\\framework\\src\\Illuminate\\Container\\Container.php(795): Illuminate\\Container\\Container->build(Object(Closure))
#10 C:\\xampp\\htdocs\\GitHub\\Christalys-eCommerce-Website\\ChrystalisWebsiteProject\\vendor\\laravel\\framework\\src\\Illuminate\\Foundation\\Application.php(955): Illuminate\\Container\\Container->resolve('NunoMaduro\\\\Coll...', Array, true)
#11 C:\\xampp\\htdocs\\GitHub\\Christalys-eCommerce-Website\\ChrystalisWebsiteProject\\vendor\\laravel\\framework\\src\\Illuminate\\Container\\Container.php(731): Illuminate\\Foundation\\Application->resolve('NunoMaduro\\\\Coll...', Array)
#12 C:\\xampp\\htdocs\\GitHub\\Christalys-eCommerce-Website\\ChrystalisWebsiteProject\\vendor\\laravel\\framework\\src\\Illuminate\\Foundation\\Application.php(940): Illuminate\\Container\\Container->make('NunoMaduro\\\\Coll...', Array)
#13 C:\\xampp\\htdocs\\GitHub\\Christalys-eCommerce-Website\\ChrystalisWebsiteProject\\vendor\\nunomaduro\\collision\\src\\Adapters\\Laravel\\ExceptionHandler.php(66): Illuminate\\Foundation\\Application->make('NunoMaduro\\\\Coll...')
#14 C:\\xampp\\htdocs\\GitHub\\Christalys-eCommerce-Website\\ChrystalisWebsiteProject\\vendor\\laravel\\framework\\src\\Illuminate\\Foundation\\Bootstrap\\HandleExceptions.php(206): NunoMaduro\\Collision\\Adapters\\Laravel\\ExceptionHandler->renderForConsole(Object(Symfony\\Component\\Console\\Output\\ConsoleOutput), Object(ErrorException))
#15 C:\\xampp\\htdocs\\GitHub\\Christalys-eCommerce-Website\\ChrystalisWebsiteProject\\vendor\\laravel\\framework\\src\\Illuminate\\Foundation\\Bootstrap\\HandleExceptions.php(188): Illuminate\\Foundation\\Bootstrap\\HandleExceptions->renderForConsole(Object(ErrorException))
#16 C:\\xampp\\htdocs\\GitHub\\Christalys-eCommerce-Website\\ChrystalisWebsiteProject\\vendor\\laravel\\framework\\src\\Illuminate\\Foundation\\Bootstrap\\HandleExceptions.php(254): Illuminate\\Foundation\\Bootstrap\\HandleExceptions->handleException(Object(ErrorException))
#17 [internal function]: Illuminate\\Foundation\\Bootstrap\\HandleExceptions->Illuminate\\Foundation\\Bootstrap\\{closure}(Object(ErrorException))
#18 {main}
  thrown at C:\\xampp\\htdocs\\GitHub\\Christalys-eCommerce-Website\\ChrystalisWebsiteProject\\vendor\\composer\\ClassLoader.php:582)
[stacktrace]
#0 {main}
"} 
